2020-03-26 8:11:59 - MOD: Modification Default

FILE: system/engine/action.php
REGEX: ~(require|include)(_once)?\(([^)]+)~
LINE: 69

FILE: system/engine/loader.php
REGEX: ~(require|include)(_once)?\(([^)]+)~
LINE: 77
LINE: 151
LINE: 168

FILE: system/library/config.php
REGEX: ~(require|include)(_once)?\(([^)]+)~
LINE: 59

FILE: system/library/language.php
REGEX: ~(require|include)(_once)?\(([^)]+)~
LINE: 67
LINE: 73

FILE: system/library/template/template.php
REGEX: ~(require|include)(_once)?\(([^)]+)~
LINE: 18

FILE: system/library/template/twig.php
CODE: $loader = new \Twig_Loader_Filesystem(DIR_TEMPLATE);
LINE: 19
----------------------------------------------------------------
MOD: Opencart Google Translate

FILE: admin/controller/common/header.php
CODE: return $this->load->view('common/header', $data);
LINE: 85

FILE: admin/view/template/common/header.twig
CODE: <ul class="nav navbar-nav navbar-right">
LINE: 54
CODE: <li><a href="{{ logout }}"><i class="fa fa-sign-out"></i> <span class="hidden-xs hidden-sm hidden-md">{{ text_logout }}</span></a></li>
LINE: 75

FILE: catalog/controller/common/header.php
CODE: return $this->load->view('common/header', $data);
LINE: 86

FILE: catalog/view/theme/default/template/common/header.twig
CODE: {{ currency }}
LINE: 50
CODE: <li><a href="{{ checkout }}" title="{{ text_checkout }}"><i class="fa fa-share"></i> <span class="hidden-xs hidden-sm hidden-md">{{ text_checkout }}</span></a></li>
LINE: 76
----------------------------------------------------------------
